[2025-07-01 02:36:47] ERROR: Docker не запущений
[2025-07-01 02:46:51] INFO: Початок збірки Docker образів...
[2025-07-01 02:46:51] INFO: Docker Hub username: morkon06
[2025-07-01 02:46:51] INFO: Repository: matrix-dendrite-setup
[2025-07-01 02:46:51] INFO: Version: v1.0.0
[2025-07-01 02:46:51] INFO: Push images: true
[2025-07-01 02:46:51] STEP: Збірка образу admin-panel...
[2025-07-01 02:47:04] ERROR: Помилка збірки образу admin-panel
[2025-07-01 02:51:02] INFO: Початок збірки Docker образів...
[2025-07-01 02:51:02] INFO: Docker Hub username: morkon06
[2025-07-01 02:51:02] INFO: Repository: matrix-dendrite-setup
[2025-07-01 02:51:02] INFO: Version: v1.0.0
[2025-07-01 02:51:02] INFO: Push images: true
[2025-07-01 02:51:02] STEP: Збірка образу admin-panel...
[2025-07-01 02:51:30] INFO: Образ admin-panel зібрано успішно: morkon06/matrix-dendrite-setup-admin-panel:v1.0.0
[2025-07-01 02:51:30] STEP: Публікація образу admin-panel на Docker Hub...
[2025-07-01 02:51:32] ERROR: Помилка публікації образу admin-panel
[2025-07-01 02:56:00] INFO: Початок збірки Docker образів...
[2025-07-01 02:56:00] INFO: Docker Hub username: morkon06
[2025-07-01 02:56:00] INFO: Repository: matrix-dendrite-setup
[2025-07-01 02:56:00] INFO: Version: v1.0.0
[2025-07-01 02:56:00] INFO: Push images: true
[2025-07-01 02:56:00] STEP: Збірка образу admin-panel...
[2025-07-01 02:56:02] INFO: Образ admin-panel зібрано успішно: morkon06/matrix-dendrite-setup-admin-panel:v1.0.0
[2025-07-01 02:56:02] STEP: Публікація образу admin-panel на Docker Hub...
[2025-07-01 02:56:25] INFO: Образ admin-panel опубліковано успішно
[2025-07-01 02:56:25] STEP: Збірка образу matrix-bot...
[2025-07-01 02:57:13] INFO: Образ matrix-bot зібрано успішно: morkon06/matrix-dendrite-setup-matrix-bot:v1.0.0
[2025-07-01 02:57:13] STEP: Публікація образу matrix-bot на Docker Hub...
[2025-07-01 02:57:38] INFO: Образ matrix-bot опубліковано успішно
[2025-07-01 02:57:38] INFO: Збірка образів завершена!
[2025-07-01 02:57:38] INFO: Всі образи опубліковано на Docker Hub
